<?xml version="1.0" encoding="UTF-8" standalone="no"?>
<testsuite errors="0" failures="0" name="io.cucumber.core.plugin.JUnitFormatter" skipped="0" tests="1" time="0.244">
    <testcase classname="feature to test login functionality" name="Check login is successful with vaid info" time="0.033">
        <system-out><![CDATA[Given user is login page....................................................passed
When user enters username and password......................................passed
And clicks login button.....................................................passed
Then user is navigated to the home page.....................................passed
]]></system-out>
    </testcase>
</testsuite>
